0 info it worked if it ends with ok
1 verbose cli [ '/usr/local/bin/node',
1 verbose cli   '/usr/local/bin/npm',
1 verbose cli   'run',
1 verbose cli   'test',
1 verbose cli   'mastermind.js' ]
2 info using npm@3.10.10
3 info using node@v6.10.2
4 verbose run-script [ 'pretest', 'test', 'posttest' ]
5 info lifecycle javascript-workbook@1.0.0~pretest: javascript-workbook@1.0.0
6 silly lifecycle javascript-workbook@1.0.0~pretest: no script for pretest, continuing
7 info lifecycle javascript-workbook@1.0.0~test: javascript-workbook@1.0.0
8 verbose lifecycle javascript-workbook@1.0.0~test: unsafe-perm in lifecycle true
9 verbose lifecycle javascript-workbook@1.0.0~test: PATH: /usr/local/lib/node_modules/npm/bin/node-gyp-bin:/Users/Slash/Desktop/github/node_modules/.bin:/usr/bin:/bin:/usr/sbin:/sbin:/usr/local/bin
10 verbose lifecycle javascript-workbook@1.0.0~test: CWD: /Users/Slash/Desktop/github
11 silly lifecycle javascript-workbook@1.0.0~test: Args: [ '-c', 'mocha "mastermind.js"' ]
12 info lifecycle javascript-workbook@1.0.0~test: Failed to exec test script
13 verbose stack Error: javascript-workbook@1.0.0 test: `mocha "mastermind.js"`
13 verbose stack spawn ENOENT
13 verbose stack     at ChildProcess.<anonymous> (/usr/local/lib/node_modules/npm/lib/utils/spawn.js:33:16)
13 verbose stack     at emitTwo (events.js:106:13)
13 verbose stack     at ChildProcess.emit (events.js:191:7)
13 verbose stack     at maybeClose (internal/child_process.js:886:16)
13 verbose stack     at Process.ChildProcess._handle.onexit (internal/child_process.js:226:5)
14 verbose pkgid javascript-workbook@1.0.0
15 verbose cwd /Users/Slash/Desktop/github
16 error Darwin 15.6.0
17 error argv "/usr/local/bin/node" "/usr/local/bin/npm" "run" "test" "mastermind.js"
18 error node v6.10.2
19 error npm  v3.10.10
20 error file sh
21 error code ELIFECYCLE
22 error errno ENOENT
23 error syscall spawn
24 error javascript-workbook@1.0.0 test: `mocha "mastermind.js"`
24 error spawn ENOENT
25 error Failed at the javascript-workbook@1.0.0 test script 'mocha "mastermind.js"'.
25 error Make sure you have the latest version of node.js and npm installed.
25 error If you do, this is most likely a problem with the javascript-workbook package,
25 error not with npm itself.
25 error Tell the author that this fails on your system:
25 error     mocha "mastermind.js"
25 error You can get information on how to open an issue for this project with:
25 error     npm bugs javascript-workbook
25 error Or if that isn't available, you can get their info via:
25 error     npm owner ls javascript-workbook
25 error There is likely additional logging output above.
26 verbose exit [ 1, true ]
